2026-02-08 11:39:01,796 [Worker-7: Loading available Gradle versions] INFO  o.e.b.c.i.u.g.PublishedGradleVersions - Gradle version information cache is up-to-date. Trying to read.
2026-02-08 11:39:14,777 [Worker-15: Building] INFO  o.e.m.c.i.l.LifecycleMappingFactory - Using org.eclipse.m2e.jdt.JarLifecycleMapping lifecycle mapping for MavenProject: com.banking:BankingAccountManagement:0.0.1-SNAPSHOT @ C:\Users\ROG\Downloads\capstone_backend_final\capstone_backend\BankingAccountManagement\pom.xml.
2026-02-08 11:39:21,895 [Worker-15: Building] INFO  o.a.m.s.f.DefaultMavenResourcesFiltering - Copying 1 resource from src\main\resources to target\classes
2026-02-08 11:39:21,921 [Worker-15: Building] INFO  o.a.m.s.f.DefaultMavenResourcesFiltering - Copying 0 resource from src\main\resources to target\classes
2026-02-08 11:39:21,927 [Worker-15: Building] INFO  o.a.m.s.f.DefaultMavenResourcesFiltering - skip non existing resourceDirectory C:\Users\ROG\Downloads\capstone_backend_final\capstone_backend\BankingAccountManagement\src\test\resources
2026-02-08 11:39:23,696 [Worker-30: Updating Maven Project] INFO  o.e.m.c.i.p.ProjectConfigurationManager - Update started
2026-02-08 11:39:24,150 [Worker-30: Updating Maven Project] INFO  o.e.m.c.i.l.LifecycleMappingFactory - Using org.eclipse.m2e.jdt.JarLifecycleMapping lifecycle mapping for MavenProject: com.banking:BankingAccountManagement:0.0.1-SNAPSHOT @ C:\Users\ROG\Downloads\capstone_backend_final\capstone_backend\BankingAccountManagement\pom.xml.
2026-02-08 11:39:24,818 [Worker-30: Updating Maven Project] INFO  o.e.m.j.i.AbstractJavaProjectConfigurator - Adding source folder /BankingAccountManagement/src/main/java
2026-02-08 11:39:24,820 [Worker-30: Updating Maven Project] INFO  o.e.m.j.i.AbstractJavaProjectConfigurator - Adding resource folder /BankingAccountManagement/src/main/resources
2026-02-08 11:39:24,821 [Worker-30: Updating Maven Project] INFO  o.e.m.j.i.AbstractJavaProjectConfigurator - Adding resource folder /BankingAccountManagement/src/main/resources
2026-02-08 11:39:24,822 [Worker-30: Updating Maven Project] INFO  o.e.m.j.i.AbstractJavaProjectConfigurator - Adding source folder /BankingAccountManagement/src/test/java
2026-02-08 11:39:24,823 [Worker-30: Updating Maven Project] INFO  o.e.m.j.i.AbstractJavaProjectConfigurator - Adding resource folder /BankingAccountManagement/src/test/resources
2026-02-08 11:39:25,304 [Worker-30: Updating Maven Project] INFO  o.e.m.c.i.p.ProjectConfigurationManager - Update completed for 1 poms: local refresh takes 0.00 sec, refresh facades takes 0.00 sec, update config takes 0.00 sec 
2026-02-08 11:39:25,913 [Worker-19: Building] INFO  o.a.m.s.f.DefaultMavenResourcesFiltering - Copying 1 resource from src\main\resources to target\classes
2026-02-08 11:39:25,964 [Worker-19: Building] INFO  o.a.m.s.f.DefaultMavenResourcesFiltering - Copying 0 resource from src\main\resources to target\classes
2026-02-08 11:39:25,970 [Worker-19: Building] INFO  o.a.m.s.f.DefaultMavenResourcesFiltering - skip non existing resourceDirectory C:\Users\ROG\Downloads\capstone_backend_final\capstone_backend\BankingAccountManagement\src\test\resources
2026-02-08 11:56:30,838 [Worker-44: Building] INFO  o.a.m.s.f.DefaultMavenResourcesFiltering - Copying 1 resource from src\main\resources to target\classes
2026-02-08 11:56:30,850 [Worker-44: Building] INFO  o.a.m.s.f.DefaultMavenResourcesFiltering - Copying 0 resource from src\main\resources to target\classes
2026-02-08 11:56:30,854 [Worker-44: Building] INFO  o.a.m.s.f.DefaultMavenResourcesFiltering - skip non existing resourceDirectory C:\Users\ROG\Downloads\capstone_backend_final\capstone_backend\BankingAccountManagement\src\test\resources
2026-02-08 11:56:44,613 [Worker-45: Building] INFO  o.a.m.s.f.DefaultMavenResourcesFiltering - Copying 1 resource from src\main\resources to target\classes
2026-02-08 11:56:44,618 [Worker-45: Building] INFO  o.a.m.s.f.DefaultMavenResourcesFiltering - Copying 0 resource from src\main\resources to target\classes
2026-02-08 11:56:44,621 [Worker-45: Building] INFO  o.a.m.s.f.DefaultMavenResourcesFiltering - skip non existing resourceDirectory C:\Users\ROG\Downloads\capstone_backend_final\capstone_backend\BankingAccountManagement\src\test\resources
2026-02-08 11:57:20,150 [main] INFO  o.e.m2e.actions.ExecutePomAction - Creating new launch configuration
2026-02-08 11:57:28,092 [Worker-44: Launching BankingAccountManagement (3)] INFO  o.eclipse.m2e.core.internal.Bundles - getClasspathEntries(Bundle=org.eclipse.m2e.maven.runtime_3.9.600.20231203-1234 [299])
2026-02-08 11:57:28,094 [Worker-44: Launching BankingAccountManagement (3)] INFO  o.eclipse.m2e.core.internal.Bundles - 	Entry: C:\Users\ROG\.p2\pool\plugins\org.eclipse.m2e.maven.runtime_3.9.600.20231203-1234
2026-02-08 11:57:28,094 [Worker-44: Launching BankingAccountManagement (3)] INFO  o.eclipse.m2e.core.internal.Bundles - 	Entry: C:\Users\ROG\.p2\pool\plugins\org.eclipse.m2e.maven.runtime_3.9.600.20231203-1234\jars\aopalliance-1.0.jar
2026-02-08 11:57:28,094 [Worker-44: Launching BankingAccountManagement (3)] INFO  o.eclipse.m2e.core.internal.Bundles - 	Entry: C:\Users\ROG\.p2\pool\plugins\org.eclipse.m2e.maven.runtime_3.9.600.20231203-1234\jars\guice-5.1.0.jar
2026-02-08 11:57:28,094 [Worker-44: Launching BankingAccountManagement (3)] INFO  o.eclipse.m2e.core.internal.Bundles - 	Entry: C:\Users\ROG\.p2\pool\plugins\org.eclipse.m2e.maven.runtime_3.9.600.20231203-1234\jars\httpclient-4.5.14.jar
2026-02-08 11:57:28,094 [Worker-44: Launching BankingAccountManagement (3)] INFO  o.eclipse.m2e.core.internal.Bundles - 	Entry: C:\Users\ROG\.p2\pool\plugins\org.eclipse.m2e.maven.runtime_3.9.600.20231203-1234\jars\httpcore-4.4.16.jar
2026-02-08 11:57:28,095 [Worker-44: Launching BankingAccountManagement (3)] INFO  o.eclipse.m2e.core.internal.Bundles - 	Entry: C:\Users\ROG\.p2\pool\plugins\org.eclipse.m2e.maven.runtime_3.9.600.20231203-1234\jars\jansi-2.4.0.jar
2026-02-08 11:57:28,095 [Worker-44: Launching BankingAccountManagement (3)] INFO  o.eclipse.m2e.core.internal.Bundles - 	Entry: C:\Users\ROG\.p2\pool\plugins\org.eclipse.m2e.maven.runtime_3.9.600.20231203-1234\jars\jcl-over-slf4j-1.7.36.jar
2026-02-08 11:57:28,095 [Worker-44: Launching BankingAccountManagement (3)] INFO  o.eclipse.m2e.core.internal.Bundles - 	Entry: C:\Users\ROG\.p2\pool\plugins\org.eclipse.m2e.maven.runtime_3.9.600.20231203-1234\jars\maven-artifact-3.9.6.jar
2026-02-08 11:57:28,095 [Worker-44: Launching BankingAccountManagement (3)] INFO  o.eclipse.m2e.core.internal.Bundles - 	Entry: C:\Users\ROG\.p2\pool\plugins\org.eclipse.m2e.maven.runtime_3.9.600.20231203-1234\jars\maven-builder-support-3.9.6.jar
2026-02-08 11:57:28,095 [Worker-44: Launching BankingAccountManagement (3)] INFO  o.eclipse.m2e.core.internal.Bundles - 	Entry: C:\Users\ROG\.p2\pool\plugins\org.eclipse.m2e.maven.runtime_3.9.600.20231203-1234\jars\maven-compat-3.9.6.jar
2026-02-08 11:57:28,095 [Worker-44: Launching BankingAccountManagement (3)] INFO  o.eclipse.m2e.core.internal.Bundles - 	Entry: C:\Users\ROG\.p2\pool\plugins\org.eclipse.m2e.maven.runtime_3.9.600.20231203-1234\jars\maven-core-3.9.6.jar
2026-02-08 11:57:28,095 [Worker-44: Launching BankingAccountManagement (3)] INFO  o.eclipse.m2e.core.internal.Bundles - 	Entry: C:\Users\ROG\.p2\pool\plugins\org.eclipse.m2e.maven.runtime_3.9.600.20231203-1234\jars\maven-embedder-3.9.6.jar
2026-02-08 11:57:28,095 [Worker-44: Launching BankingAccountManagement (3)] INFO  o.eclipse.m2e.core.internal.Bundles - 	Entry: C:\Users\ROG\.p2\pool\plugins\org.eclipse.m2e.maven.runtime_3.9.600.20231203-1234\jars\maven-model-3.9.6.jar
2026-02-08 11:57:28,096 [Worker-44: Launching BankingAccountManagement (3)] INFO  o.eclipse.m2e.core.internal.Bundles - 	Entry: C:\Users\ROG\.p2\pool\plugins\org.eclipse.m2e.maven.runtime_3.9.600.20231203-1234\jars\maven-model-builder-3.9.6.jar
2026-02-08 11:57:28,096 [Worker-44: Launching BankingAccountManagement (3)] INFO  o.eclipse.m2e.core.internal.Bundles - 	Entry: C:\Users\ROG\.p2\pool\plugins\org.eclipse.m2e.maven.runtime_3.9.600.20231203-1234\jars\maven-plugin-api-3.9.6.jar
2026-02-08 11:57:28,096 [Worker-44: Launching BankingAccountManagement (3)] INFO  o.eclipse.m2e.core.internal.Bundles - 	Entry: C:\Users\ROG\.p2\pool\plugins\org.eclipse.m2e.maven.runtime_3.9.600.20231203-1234\jars\maven-repository-metadata-3.9.6.jar
2026-02-08 11:57:28,096 [Worker-44: Launching BankingAccountManagement (3)] INFO  o.eclipse.m2e.core.internal.Bundles - 	Entry: C:\Users\ROG\.p2\pool\plugins\org.eclipse.m2e.maven.runtime_3.9.600.20231203-1234\jars\maven-resolver-api-1.9.18.jar
2026-02-08 11:57:28,096 [Worker-44: Launching BankingAccountManagement (3)] INFO  o.eclipse.m2e.core.internal.Bundles - 	Entry: C:\Users\ROG\.p2\pool\plugins\org.eclipse.m2e.maven.runtime_3.9.600.20231203-1234\jars\maven-resolver-connector-basic-1.9.18.jar
2026-02-08 11:57:28,096 [Worker-44: Launching BankingAccountManagement (3)] INFO  o.eclipse.m2e.core.internal.Bundles - 	Entry: C:\Users\ROG\.p2\pool\plugins\org.eclipse.m2e.maven.runtime_3.9.600.20231203-1234\jars\maven-resolver-impl-1.9.18.jar
2026-02-08 11:57:28,096 [Worker-44: Launching BankingAccountManagement (3)] INFO  o.eclipse.m2e.core.internal.Bundles - 	Entry: C:\Users\ROG\.p2\pool\plugins\org.eclipse.m2e.maven.runtime_3.9.600.20231203-1234\jars\maven-resolver-named-locks-1.9.18.jar
2026-02-08 11:57:28,097 [Worker-44: Launching BankingAccountManagement (3)] INFO  o.eclipse.m2e.core.internal.Bundles - 	Entry: C:\Users\ROG\.p2\pool\plugins\org.eclipse.m2e.maven.runtime_3.9.600.20231203-1234\jars\maven-resolver-provider-3.9.6.jar
2026-02-08 11:57:28,097 [Worker-44: Launching BankingAccountManagement (3)] INFO  o.eclipse.m2e.core.internal.Bundles - 	Entry: C:\Users\ROG\.p2\pool\plugins\org.eclipse.m2e.maven.runtime_3.9.600.20231203-1234\jars\maven-resolver-spi-1.9.18.jar
2026-02-08 11:57:28,097 [Worker-44: Launching BankingAccountManagement (3)] INFO  o.eclipse.m2e.core.internal.Bundles - 	Entry: C:\Users\ROG\.p2\pool\plugins\org.eclipse.m2e.maven.runtime_3.9.600.20231203-1234\jars\maven-resolver-transport-file-1.9.18.jar
2026-02-08 11:57:28,097 [Worker-44: Launching BankingAccountManagement (3)] INFO  o.eclipse.m2e.core.internal.Bundles - 	Entry: C:\Users\ROG\.p2\pool\plugins\org.eclipse.m2e.maven.runtime_3.9.600.20231203-1234\jars\maven-resolver-transport-http-1.9.18.jar
2026-02-08 11:57:28,097 [Worker-44: Launching BankingAccountManagement (3)] INFO  o.eclipse.m2e.core.internal.Bundles - 	Entry: C:\Users\ROG\.p2\pool\plugins\org.eclipse.m2e.maven.runtime_3.9.600.20231203-1234\jars\maven-resolver-transport-wagon-1.9.18.jar
2026-02-08 11:57:28,097 [Worker-44: Launching BankingAccountManagement (3)] INFO  o.eclipse.m2e.core.internal.Bundles - 	Entry: C:\Users\ROG\.p2\pool\plugins\org.eclipse.m2e.maven.runtime_3.9.600.20231203-1234\jars\maven-resolver-util-1.9.18.jar
2026-02-08 11:57:28,097 [Worker-44: Launching BankingAccountManagement (3)] INFO  o.eclipse.m2e.core.internal.Bundles - 	Entry: C:\Users\ROG\.p2\pool\plugins\org.eclipse.m2e.maven.runtime_3.9.600.20231203-1234\jars\maven-settings-3.9.6.jar
2026-02-08 11:57:28,098 [Worker-44: Launching BankingAccountManagement (3)] INFO  o.eclipse.m2e.core.internal.Bundles - 	Entry: C:\Users\ROG\.p2\pool\plugins\org.eclipse.m2e.maven.runtime_3.9.600.20231203-1234\jars\maven-settings-builder-3.9.6.jar
2026-02-08 11:57:28,098 [Worker-44: Launching BankingAccountManagement (3)] INFO  o.eclipse.m2e.core.internal.Bundles - 	Entry: C:\Users\ROG\.p2\pool\plugins\org.eclipse.m2e.maven.runtime_3.9.600.20231203-1234\jars\maven-shared-utils-3.3.4.jar
2026-02-08 11:57:28,098 [Worker-44: Launching BankingAccountManagement (3)] INFO  o.eclipse.m2e.core.internal.Bundles - 	Entry: C:\Users\ROG\.p2\pool\plugins\org.eclipse.m2e.maven.runtime_3.9.600.20231203-1234\jars\org.eclipse.sisu.inject-0.9.0.M2.jar
2026-02-08 11:57:28,098 [Worker-44: Launching BankingAccountManagement (3)] INFO  o.eclipse.m2e.core.internal.Bundles - 	Entry: C:\Users\ROG\.p2\pool\plugins\org.eclipse.m2e.maven.runtime_3.9.600.20231203-1234\jars\org.eclipse.sisu.plexus-0.9.0.M2.jar
2026-02-08 11:57:28,098 [Worker-44: Launching BankingAccountManagement (3)] INFO  o.eclipse.m2e.core.internal.Bundles - 	Entry: C:\Users\ROG\.p2\pool\plugins\org.eclipse.m2e.maven.runtime_3.9.600.20231203-1234\jars\plexus-build-api-0.0.7.jar
2026-02-08 11:57:28,098 [Worker-44: Launching BankingAccountManagement (3)] INFO  o.eclipse.m2e.core.internal.Bundles - 	Entry: C:\Users\ROG\.p2\pool\plugins\org.eclipse.m2e.maven.runtime_3.9.600.20231203-1234\jars\plexus-cipher-2.0.jar
2026-02-08 11:57:28,098 [Worker-44: Launching BankingAccountManagement (3)] INFO  o.eclipse.m2e.core.internal.Bundles - 	Entry: C:\Users\ROG\.p2\pool\plugins\org.eclipse.m2e.maven.runtime_3.9.600.20231203-1234\jars\plexus-classworlds-2.7.0.jar
2026-02-08 11:57:28,098 [Worker-44: Launching BankingAccountManagement (3)] INFO  o.eclipse.m2e.core.internal.Bundles - 	Entry: C:\Users\ROG\.p2\pool\plugins\org.eclipse.m2e.maven.runtime_3.9.600.20231203-1234\jars\plexus-component-annotations-2.1.0.jar
2026-02-08 11:57:28,099 [Worker-44: Launching BankingAccountManagement (3)] INFO  o.eclipse.m2e.core.internal.Bundles - 	Entry: C:\Users\ROG\.p2\pool\plugins\org.eclipse.m2e.maven.runtime_3.9.600.20231203-1234\jars\plexus-interpolation-1.26.jar
2026-02-08 11:57:28,099 [Worker-44: Launching BankingAccountManagement (3)] INFO  o.eclipse.m2e.core.internal.Bundles - 	Entry: C:\Users\ROG\.p2\pool\plugins\org.eclipse.m2e.maven.runtime_3.9.600.20231203-1234\jars\plexus-sec-dispatcher-2.0.jar
2026-02-08 11:57:28,099 [Worker-44: Launching BankingAccountManagement (3)] INFO  o.eclipse.m2e.core.internal.Bundles - 	Entry: C:\Users\ROG\.p2\pool\plugins\org.eclipse.m2e.maven.runtime_3.9.600.20231203-1234\jars\plexus-utils-3.5.1.jar
2026-02-08 11:57:28,099 [Worker-44: Launching BankingAccountManagement (3)] INFO  o.eclipse.m2e.core.internal.Bundles - 	Entry: C:\Users\ROG\.p2\pool\plugins\org.eclipse.m2e.maven.runtime_3.9.600.20231203-1234\jars\wagon-file-3.5.3.jar
2026-02-08 11:57:28,099 [Worker-44: Launching BankingAccountManagement (3)] INFO  o.eclipse.m2e.core.internal.Bundles - 	Entry: C:\Users\ROG\.p2\pool\plugins\org.eclipse.m2e.maven.runtime_3.9.600.20231203-1234\jars\wagon-http-3.5.3.jar
2026-02-08 11:57:28,099 [Worker-44: Launching BankingAccountManagement (3)] INFO  o.eclipse.m2e.core.internal.Bundles - 	Entry: C:\Users\ROG\.p2\pool\plugins\org.eclipse.m2e.maven.runtime_3.9.600.20231203-1234\jars\wagon-http-shared-3.5.3.jar
2026-02-08 11:57:28,099 [Worker-44: Launching BankingAccountManagement (3)] INFO  o.eclipse.m2e.core.internal.Bundles - 	Entry: C:\Users\ROG\.p2\pool\plugins\org.eclipse.m2e.maven.runtime_3.9.600.20231203-1234\jars\wagon-provider-api-3.5.3.jar
2026-02-08 11:57:28,100 [Worker-44: Launching BankingAccountManagement (3)] INFO  o.eclipse.m2e.core.internal.Bundles - getClasspathEntries(Bundle=com.google.guava_33.0.0.jre [10])
2026-02-08 11:57:28,101 [Worker-44: Launching BankingAccountManagement (3)] INFO  o.eclipse.m2e.core.internal.Bundles - 	Entry: C:\Users\ROG\.p2\pool\plugins\com.google.guava_33.0.0.jre.jar
2026-02-08 11:57:28,101 [Worker-44: Launching BankingAccountManagement (3)] INFO  o.eclipse.m2e.core.internal.Bundles - getClasspathEntries(Bundle=slf4j.api_2.0.13 [520])
2026-02-08 11:57:28,101 [Worker-44: Launching BankingAccountManagement (3)] INFO  o.eclipse.m2e.core.internal.Bundles - 	Entry: C:\Users\ROG\.p2\pool\plugins\slf4j.api_2.0.13.jar
2026-02-08 11:57:28,101 [Worker-44: Launching BankingAccountManagement (3)] INFO  o.eclipse.m2e.core.internal.Bundles - getClasspathEntries(Bundle=jakarta.inject.jakarta.inject-api_1.0.5 [22])
2026-02-08 11:57:28,101 [Worker-44: Launching BankingAccountManagement (3)] INFO  o.eclipse.m2e.core.internal.Bundles - 	Entry: C:\Users\ROG\.p2\pool\plugins\jakarta.inject.jakarta.inject-api_1.0.5.jar
2026-02-08 11:57:28,101 [Worker-44: Launching BankingAccountManagement (3)] INFO  o.eclipse.m2e.core.internal.Bundles - getClasspathEntries(Bundle=jakarta.annotation-api_1.3.5 [20])
2026-02-08 11:57:28,102 [Worker-44: Launching BankingAccountManagement (3)] INFO  o.eclipse.m2e.core.internal.Bundles - 	Entry: C:\Users\ROG\.p2\pool\plugins\jakarta.annotation-api_1.3.5.jar
2026-02-08 11:57:28,102 [Worker-44: Launching BankingAccountManagement (3)] INFO  o.eclipse.m2e.core.internal.Bundles - getClasspathEntries(Bundle=org.apache.commons.cli_1.6.0 [46])
2026-02-08 11:57:28,102 [Worker-44: Launching BankingAccountManagement (3)] INFO  o.eclipse.m2e.core.internal.Bundles - 	Entry: C:\Users\ROG\.p2\pool\plugins\org.apache.commons.cli_1.6.0.jar
2026-02-08 11:57:28,102 [Worker-44: Launching BankingAccountManagement (3)] INFO  o.eclipse.m2e.core.internal.Bundles - getClasspathEntries(Bundle=org.apache.commons.commons-codec_1.16.0 [47])
2026-02-08 11:57:28,102 [Worker-44: Launching BankingAccountManagement (3)] INFO  o.eclipse.m2e.core.internal.Bundles - 	Entry: C:\Users\ROG\.p2\pool\plugins\org.apache.commons.commons-codec_1.16.0.jar
2026-02-08 11:57:28,102 [Worker-44: Launching BankingAccountManagement (3)] INFO  o.eclipse.m2e.core.internal.Bundles - getClasspathEntries(Bundle=org.apache.commons.lang3_3.14.0 [53])
2026-02-08 11:57:28,103 [Worker-44: Launching BankingAccountManagement (3)] INFO  o.eclipse.m2e.core.internal.Bundles - 	Entry: C:\Users\ROG\.p2\pool\plugins\org.apache.commons.lang3_3.14.0.jar
2026-02-08 11:57:28,103 [Worker-44: Launching BankingAccountManagement (3)] INFO  o.eclipse.m2e.core.internal.Bundles - getClasspathEntries(Bundle=com.google.guava.failureaccess_1.0.2 [11])
2026-02-08 11:57:28,103 [Worker-44: Launching BankingAccountManagement (3)] INFO  o.eclipse.m2e.core.internal.Bundles - 	Entry: C:\Users\ROG\.p2\pool\plugins\com.google.guava.failureaccess_1.0.2.jar
2026-02-08 11:57:28,105 [Worker-44: Launching BankingAccountManagement (3)] INFO  o.e.m.i.launch.MavenLaunchDelegate - Run build in "C:\Users\ROG\Downloads\capstone_backend_final\capstone_backend\BankingAccountManagement":
2026-02-08 11:57:28,121 [Worker-44: Launching BankingAccountManagement (3)] INFO  o.e.m.i.launch.MavenLaunchDelegate -  mvn  -B -Dstyle.color=always clean install
2026-02-08 12:20:19,202 [Worker-47: Building] INFO  o.a.m.s.f.DefaultMavenResourcesFiltering - Copying 1 resource from src\main\resources to target\classes
2026-02-08 12:20:19,208 [Worker-47: Building] INFO  o.a.m.s.f.DefaultMavenResourcesFiltering - Copying 0 resource from src\main\resources to target\classes
2026-02-08 12:20:19,212 [Worker-47: Building] INFO  o.a.m.s.f.DefaultMavenResourcesFiltering - skip non existing resourceDirectory C:\Users\ROG\Downloads\capstone_backend_final\capstone_backend\BankingAccountManagement\src\test\resources
2026-02-08 15:58:06,679 [Worker-54: Building] INFO  o.a.m.s.f.DefaultMavenResourcesFiltering - Copying 1 resource from src\main\resources to target\classes
2026-02-08 15:58:06,728 [Worker-54: Building] INFO  o.a.m.s.f.DefaultMavenResourcesFiltering - Copying 0 resource from src\main\resources to target\classes
2026-02-08 15:58:06,731 [Worker-54: Building] INFO  o.a.m.s.f.DefaultMavenResourcesFiltering - skip non existing resourceDirectory C:\Users\ROG\Downloads\capstone_backend_final\capstone_backend\BankingAccountManagement\src\test\resources
2026-02-08 20:06:20,223 [Worker-7: Loading available Gradle versions] INFO  o.e.b.c.i.u.g.PublishedGradleVersions - Gradle version information cache is up-to-date. Trying to read.
2026-02-08 21:19:24,728 [Worker-31: Launching BankingAccountManagementSystemApplication] INFO  o.a.m.s.f.DefaultMavenResourcesFiltering - Copying 1 resource from src\main\resources to target\classes
2026-02-08 21:19:24,755 [Worker-31: Launching BankingAccountManagementSystemApplication] INFO  o.a.m.s.f.DefaultMavenResourcesFiltering - Copying 0 resource from src\main\resources to target\classes
2026-02-08 21:19:24,759 [Worker-31: Launching BankingAccountManagementSystemApplication] INFO  o.a.m.s.f.DefaultMavenResourcesFiltering - skip non existing resourceDirectory C:\Users\ROG\Downloads\capstone_backend_final\capstone_backend\BankingAccountManagement\src\test\resources
